# JRE version: OpenJDK Runtime Environment (8.0_242-b01) (build 1.8.0_242-release-1644-b01)
# Java VM: OpenJDK 64-Bit Server VM (25.242-b01 mixed mode windows-amd64 compressed oops)
Heap:
 PSYoungGen      total 121344K, used 6040K [0x00000000d5580000, 0x00000000dd900000, 0x0000000100000000)
  eden space 111104K, 0% used [0x00000000d5580000,0x00000000d5580000,0x00000000dc200000)
  from space 10240K, 58% used [0x00000000dcf00000,0x00000000dd4e6388,0x00000000dd900000)
  to   space 11776K, 0% used [0x00000000dc200000,0x00000000dc200000,0x00000000dcd80000)
 ParOldGen       total 130560K, used 15327K [0x0000000080000000, 0x0000000087f80000, 0x00000000d5580000)
  object space 130560K, 11% used [0x0000000080000000,0x0000000080ef7f00,0x0000000087f80000)
 Metaspace       used 36705K, capacity 37880K, committed 37936K, reserved 1085440K
  class space    used 5060K, capacity 5375K, committed 5424K, reserved 1048576K
GC Heap History (10 events):
Event: 4.597 GC heap after
Heap after GC invocations=6 (full 1):
 PSYoungGen      total 76288K, used 8349K [0x00000000d5580000, 0x00000000ddb00000, 0x0000000100000000)
  eden space 65536K, 0% used [0x00000000d5580000,0x00000000d5580000,0x00000000d9580000)
  from space 10752K, 77% used [0x00000000d9580000,0x00000000d9da74b0,0x00000000da000000)
  to   space 12288K, 0% used [0x00000000dcf00000,0x00000000dcf00000,0x00000000ddb00000)
 ParOldGen       total 90624K, used 7241K [0x0000000080000000, 0x0000000085880000, 0x00000000d5580000)
  object space 90624K, 7% used [0x0000000080000000,0x00000000807126b8,0x0000000085880000)
 Metaspace       used 28272K, capacity 28928K, committed 29232K, reserved 1075200K
  class space    used 3898K, capacity 4131K, committed 4144K, reserved 1048576K
}
Event: 6.010 GC heap before
{Heap before GC invocations=7 (full 1):
 PSYoungGen      total 76288K, used 73885K [0x00000000d5580000, 0x00000000ddb00000, 0x0000000100000000)
  eden space 65536K, 100% used [0x00000000d5580000,0x00000000d9580000,0x00000000d9580000)
  from space 10752K, 77% used [0x00000000d9580000,0x00000000d9da74b0,0x00000000da000000)
  to   space 12288K, 0% used [0x00000000dcf00000,0x00000000dcf00000,0x00000000ddb00000)
 ParOldGen       total 90624K, used 7241K [0x0000000080000000, 0x0000000085880000, 0x00000000d5580000)
  object space 90624K, 7% used [0x0000000080000000,0x00000000807126b8,0x0000000085880000)
 Metaspace       used 32370K, capacity 33132K, committed 33456K, reserved 1077248K
  class space    used 4420K, capacity 4677K, committed 4784K, reserved 1048576K
Event: 6.035 GC heap after
Heap after GC invocations=7 (full 1):
 PSYoungGen      total 121344K, used 8561K [0x00000000d5580000, 0x00000000dd900000, 0x0000000100000000)
  eden space 111104K, 0% used [0x00000000d5580000,0x00000000d5580000,0x00000000dc200000)
  from space 10240K, 83% used [0x00000000dcf00000,0x00000000dd75c528,0x00000000dd900000)
  to   space 11776K, 0% used [0x00000000dc200000,0x00000000dc200000,0x00000000dcd80000)
 ParOldGen       total 90624K, used 7249K [0x0000000080000000, 0x0000000085880000, 0x00000000d5580000)
  object space 90624K, 7% used [0x0000000080000000,0x00000000807146b8,0x0000000085880000)
 Metaspace       used 32370K, capacity 33132K, committed 33456K, reserved 1077248K
  class space    used 4420K, capacity 4677K, committed 4784K, reserved 1048576K
}
Event: 6.843 GC heap before
{Heap before GC invocations=8 (full 1):
 PSYoungGen      total 121344K, used 58174K [0x00000000d5580000, 0x00000000dd900000, 0x0000000100000000)
  eden space 111104K, 44% used [0x00000000d5580000,0x00000000d85f3600,0x00000000dc200000)
  from space 10240K, 83% used [0x00000000dcf00000,0x00000000dd75c528,0x00000000dd900000)
  to   space 11776K, 0% used [0x00000000dc200000,0x00000000dc200000,0x00000000dcd80000)
 ParOldGen       total 90624K, used 7249K [0x0000000080000000, 0x0000000085880000, 0x00000000d5580000)
  object space 90624K, 7% used [0x0000000080000000,0x00000000807146b8,0x0000000085880000)
 Metaspace       used 34576K, capacity 35412K, committed 35496K, reserved 1079296K
  class space    used 4743K, capacity 4975K, committed 5040K, reserved 1048576K
Event: 6.855 GC heap after
Heap after GC invocations=8 (full 1):
 PSYoungGen      total 122880K, used 8611K [0x00000000d5580000, 0x00000000dd900000, 0x0000000100000000)
  eden space 111104K, 0% used [0x00000000d5580000,0x00000000d5580000,0x00000000dc200000)
  from space 11776K, 73% used [0x00000000dc200000,0x00000000dca68ff0,0x00000000dcd80000)
  to   space 10240K, 0% used [0x00000000dcf00000,0x00000000dcf00000,0x00000000dd900000)
 ParOldGen       total 90624K, used 7257K [0x0000000080000000, 0x0000000085880000, 0x00000000d5580000)
  object space 90624K, 8% used [0x0000000080000000,0x00000000807166b8,0x0000000085880000)
 Metaspace       used 34576K, capacity 35412K, committed 35496K, reserved 1079296K
  class space    used 4743K, capacity 4975K, committed 5040K, reserved 1048576K
}
Event: 6.855 GC heap before
{Heap before GC invocations=9 (full 2):
 PSYoungGen      total 122880K, used 8611K [0x00000000d5580000, 0x00000000dd900000, 0x0000000100000000)
  eden space 111104K, 0% used [0x00000000d5580000,0x00000000d5580000,0x00000000dc200000)
  from space 11776K, 73% used [0x00000000dc200000,0x00000000dca68ff0,0x00000000dcd80000)
  to   space 10240K, 0% used [0x00000000dcf00000,0x00000000dcf00000,0x00000000dd900000)
 ParOldGen       total 90624K, used 7257K [0x0000000080000000, 0x0000000085880000, 0x00000000d5580000)
  object space 90624K, 8% used [0x0000000080000000,0x00000000807166b8,0x0000000085880000)
 Metaspace       used 34576K, capacity 35412K, committed 35496K, reserved 1079296K
  class space    used 4743K, capacity 4975K, committed 5040K, reserved 1048576K
Event: 6.910 GC heap after
Heap after GC invocations=9 (full 2):
 PSYoungGen      total 122880K, used 0K [0x00000000d5580000, 0x00000000dd900000, 0x0000000100000000)
  eden space 111104K, 0% used [0x00000000d5580000,0x00000000d5580000,0x00000000dc200000)
  from space 11776K, 0% used [0x00000000dc200000,0x00000000dc200000,0x00000000dcd80000)
  to   space 10240K, 0% used [0x00000000dcf00000,0x00000000dcf00000,0x00000000dd900000)
 ParOldGen       total 130560K, used 15327K [0x0000000080000000, 0x0000000087f80000, 0x00000000d5580000)
  object space 130560K, 11% used [0x0000000080000000,0x0000000080ef7f00,0x0000000087f80000)
 Metaspace       used 34576K, capacity 35412K, committed 35496K, reserved 1079296K
  class space    used 4743K, capacity 4975K, committed 5040K, reserved 1048576K
}
Event: 7.912 GC heap before
{Heap before GC invocations=10 (full 2):
 PSYoungGen      total 122880K, used 51369K [0x00000000d5580000, 0x00000000dd900000, 0x0000000100000000)
  eden space 111104K, 46% used [0x00000000d5580000,0x00000000d87aa688,0x00000000dc200000)
  from space 11776K, 0% used [0x00000000dc200000,0x00000000dc200000,0x00000000dcd80000)
  to   space 10240K, 0% used [0x00000000dcf00000,0x00000000dcf00000,0x00000000dd900000)
 ParOldGen       total 130560K, used 15327K [0x0000000080000000, 0x0000000087f80000, 0x00000000d5580000)
  object space 130560K, 11% used [0x0000000080000000,0x0000000080ef7f00,0x0000000087f80000)
 Metaspace       used 36705K, capacity 37880K, committed 37936K, reserved 1085440K
  class space    used 5060K, capacity 5375K, committed 5424K, reserved 1048576K
Event: 7.919 GC heap after
Heap after GC invocations=10 (full 2):
 PSYoungGen      total 121344K, used 6040K [0x00000000d5580000, 0x00000000dd900000, 0x0000000100000000)
  eden space 111104K, 0% used [0x00000000d5580000,0x00000000d5580000,0x00000000dc200000)
  from space 10240K, 58% used [0x00000000dcf00000,0x00000000dd4e6388,0x00000000dd900000)
  to   space 11776K, 0% used [0x00000000dc200000,0x00000000dc200000,0x00000000dcd80000)
 ParOldGen       total 130560K, used 15327K [0x0000000080000000, 0x0000000087f80000, 0x00000000d5580000)
  object space 130560K, 11% used [0x0000000080000000,0x0000000080ef7f00,0x0000000087f80000)
 Metaspace       used 36705K, capacity 37880K, committed 37936K, reserved 1085440K
  class space    used 5060K, capacity 5375K, committed 5424K, reserved 1048576K
}
Event: 7.919 GC heap before
{Heap before GC invocations=11 (full 3):
 PSYoungGen      total 121344K, used 6040K [0x00000000d5580000, 0x00000000dd900000, 0x0000000100000000)
  eden space 111104K, 0% used [0x00000000d5580000,0x00000000d5580000,0x00000000dc200000)
  from space 10240K, 58% used [0x00000000dcf00000,0x00000000dd4e6388,0x00000000dd900000)
  to   space 11776K, 0% used [0x00000000dc200000,0x00000000dc200000,0x00000000dcd80000)
 ParOldGen       total 130560K, used 15327K [0x0000000080000000, 0x0000000087f80000, 0x00000000d5580000)
  object space 130560K, 11% used [0x0000000080000000,0x0000000080ef7f00,0x0000000087f80000)
 Metaspace       used 36705K, capacity 37880K, committed 37936K, reserved 1085440K
  class space    used 5060K, capacity 5375K, committed 5424K, reserved 1048576K

