# JRE version: OpenJDK Runtime Environment (8.0_242-b01) (build 1.8.0_242-release-1644-b01)
# Java VM: OpenJDK 64-Bit Server VM (25.242-b01 mixed mode windows-amd64 compressed oops)
Heap:
 PSYoungGen      total 224256K, used 12157K [0x00000000d5580000, 0x00000000e7400000, 0x0000000100000000)
  eden space 210432K, 5% used [0x00000000d5580000,0x00000000d615f768,0x00000000e2300000)
  from space 13824K, 0% used [0x00000000e2300000,0x00000000e2300000,0x00000000e3080000)
  to   space 20992K, 0% used [0x00000000e5f80000,0x00000000e5f80000,0x00000000e7400000)
 ParOldGen       total 121856K, used 39435K [0x0000000080000000, 0x0000000087700000, 0x00000000d5580000)
  object space 121856K, 32% used [0x0000000080000000,0x0000000082682d70,0x0000000087700000)
 Metaspace       used 57569K, capacity 59632K, committed 59800K, reserved 1101824K
  class space    used 7924K, capacity 8412K, committed 8496K, reserved 1048576K
GC Heap History (10 events):
Event: 8.049 GC heap before
{Heap before GC invocations=8 (full 1):
 PSYoungGen      total 128512K, used 57606K [0x00000000d5580000, 0x00000000de080000, 0x0000000100000000)
  eden space 118784K, 41% used [0x00000000d5580000,0x00000000d854a3f8,0x00000000dc980000)
  from space 9728K, 89% used [0x00000000dd700000,0x00000000ddf774c0,0x00000000de080000)
  to   space 11776K, 0% used [0x00000000dc980000,0x00000000dc980000,0x00000000dd500000)
 ParOldGen       total 83968K, used 7256K [0x0000000080000000, 0x0000000085200000, 0x00000000d5580000)
  object space 83968K, 8% used [0x0000000080000000,0x00000000807160d0,0x0000000085200000)
 Metaspace       used 34622K, capacity 35420K, committed 35496K, reserved 1079296K
  class space    used 4754K, capacity 4977K, committed 5040K, reserved 1048576K
Event: 8.058 GC heap after
Heap after GC invocations=8 (full 1):
 PSYoungGen      total 130560K, used 8758K [0x00000000d5580000, 0x00000000e3e00000, 0x0000000100000000)
  eden space 118784K, 0% used [0x00000000d5580000,0x00000000d5580000,0x00000000dc980000)
  from space 11776K, 74% used [0x00000000dc980000,0x00000000dd20d950,0x00000000dd500000)
  to   space 11776K, 0% used [0x00000000e3280000,0x00000000e3280000,0x00000000e3e00000)
 ParOldGen       total 83968K, used 7264K [0x0000000080000000, 0x0000000085200000, 0x00000000d5580000)
  object space 83968K, 8% used [0x0000000080000000,0x00000000807180d0,0x0000000085200000)
 Metaspace       used 34622K, capacity 35420K, committed 35496K, reserved 1079296K
  class space    used 4754K, capacity 4977K, committed 5040K, reserved 1048576K
}
Event: 8.058 GC heap before
{Heap before GC invocations=9 (full 2):
 PSYoungGen      total 130560K, used 8758K [0x00000000d5580000, 0x00000000e3e00000, 0x0000000100000000)
  eden space 118784K, 0% used [0x00000000d5580000,0x00000000d5580000,0x00000000dc980000)
  from space 11776K, 74% used [0x00000000dc980000,0x00000000dd20d950,0x00000000dd500000)
  to   space 11776K, 0% used [0x00000000e3280000,0x00000000e3280000,0x00000000e3e00000)
 ParOldGen       total 83968K, used 7264K [0x0000000080000000, 0x0000000085200000, 0x00000000d5580000)
  object space 83968K, 8% used [0x0000000080000000,0x00000000807180d0,0x0000000085200000)
 Metaspace       used 34622K, capacity 35420K, committed 35496K, reserved 1079296K
  class space    used 4754K, capacity 4977K, committed 5040K, reserved 1048576K
Event: 8.102 GC heap after
Heap after GC invocations=9 (full 2):
 PSYoungGen      total 130560K, used 0K [0x00000000d5580000, 0x00000000e3e00000, 0x0000000100000000)
  eden space 118784K, 0% used [0x00000000d5580000,0x00000000d5580000,0x00000000dc980000)
  from space 11776K, 0% used [0x00000000dc980000,0x00000000dc980000,0x00000000dd500000)
  to   space 11776K, 0% used [0x00000000e3280000,0x00000000e3280000,0x00000000e3e00000)
 ParOldGen       total 121856K, used 15398K [0x0000000080000000, 0x0000000087700000, 0x00000000d5580000)
  object space 121856K, 12% used [0x0000000080000000,0x0000000080f09b08,0x0000000087700000)
 Metaspace       used 34622K, capacity 35420K, committed 35496K, reserved 1079296K
  class space    used 4754K, capacity 4977K, committed 5040K, reserved 1048576K
}
Event: 9.798 GC heap before
{Heap before GC invocations=10 (full 2):
 PSYoungGen      total 130560K, used 118784K [0x00000000d5580000, 0x00000000e3e00000, 0x0000000100000000)
  eden space 118784K, 100% used [0x00000000d5580000,0x00000000dc980000,0x00000000dc980000)
  from space 11776K, 0% used [0x00000000dc980000,0x00000000dc980000,0x00000000dd500000)
  to   space 11776K, 0% used [0x00000000e3280000,0x00000000e3280000,0x00000000e3e00000)
 ParOldGen       total 121856K, used 15398K [0x0000000080000000, 0x0000000087700000, 0x00000000d5580000)
  object space 121856K, 12% used [0x0000000080000000,0x0000000080f09b08,0x0000000087700000)
 Metaspace       used 44496K, capacity 45948K, committed 46128K, reserved 1089536K
  class space    used 6017K, capacity 6356K, committed 6448K, reserved 1048576K
Event: 9.819 GC heap after
Heap after GC invocations=10 (full 2):
 PSYoungGen      total 199168K, used 11750K [0x00000000d5580000, 0x00000000e3e00000, 0x0000000100000000)
  eden space 187392K, 0% used [0x00000000d5580000,0x00000000d5580000,0x00000000e0c80000)
  from space 11776K, 99% used [0x00000000e3280000,0x00000000e3df9a60,0x00000000e3e00000)
  to   space 13824K, 0% used [0x00000000e2300000,0x00000000e2300000,0x00000000e3080000)
 ParOldGen       total 121856K, used 18727K [0x0000000080000000, 0x0000000087700000, 0x00000000d5580000)
  object space 121856K, 15% used [0x0000000080000000,0x0000000081249d48,0x0000000087700000)
 Metaspace       used 44496K, capacity 45948K, committed 46128K, reserved 1089536K
  class space    used 6017K, capacity 6356K, committed 6448K, reserved 1048576K
}
Event: 11.758 GC heap before
{Heap before GC invocations=11 (full 2):
 PSYoungGen      total 199168K, used 190938K [0x00000000d5580000, 0x00000000e3e00000, 0x0000000100000000)
  eden space 187392K, 95% used [0x00000000d5580000,0x00000000e047d020,0x00000000e0c80000)
  from space 11776K, 99% used [0x00000000e3280000,0x00000000e3df9a60,0x00000000e3e00000)
  to   space 13824K, 0% used [0x00000000e2300000,0x00000000e2300000,0x00000000e3080000)
 ParOldGen       total 121856K, used 18727K [0x0000000080000000, 0x0000000087700000, 0x00000000d5580000)
  object space 121856K, 15% used [0x0000000080000000,0x0000000081249d48,0x0000000087700000)
 Metaspace       used 56965K, capacity 59026K, committed 59160K, reserved 1099776K
  class space    used 7817K, capacity 8271K, committed 8368K, reserved 1048576K
Event: 11.788 GC heap after
Heap after GC invocations=11 (full 2):
 PSYoungGen      total 224256K, used 13812K [0x00000000d5580000, 0x00000000e7400000, 0x0000000100000000)
  eden space 210432K, 0% used [0x00000000d5580000,0x00000000d5580000,0x00000000e2300000)
  from space 13824K, 99% used [0x00000000e2300000,0x00000000e307d310,0x00000000e3080000)
  to   space 20992K, 0% used [0x00000000e5f80000,0x00000000e5f80000,0x00000000e7400000)
 ParOldGen       total 121856K, used 32585K [0x0000000080000000, 0x0000000087700000, 0x00000000d5580000)
  object space 121856K, 26% used [0x0000000080000000,0x0000000081fd2730,0x0000000087700000)
 Metaspace       used 56965K, capacity 59026K, committed 59160K, reserved 1099776K
  class space    used 7817K, capacity 8271K, committed 8368K, reserved 1048576K
}
Event: 11.788 GC heap before
{Heap before GC invocations=12 (full 3):
 PSYoungGen      total 224256K, used 13812K [0x00000000d5580000, 0x00000000e7400000, 0x0000000100000000)
  eden space 210432K, 0% used [0x00000000d5580000,0x00000000d5580000,0x00000000e2300000)
  from space 13824K, 99% used [0x00000000e2300000,0x00000000e307d310,0x00000000e3080000)
  to   space 20992K, 0% used [0x00000000e5f80000,0x00000000e5f80000,0x00000000e7400000)
 ParOldGen       total 121856K, used 32585K [0x0000000080000000, 0x0000000087700000, 0x00000000d5580000)
  object space 121856K, 26% used [0x0000000080000000,0x0000000081fd2730,0x0000000087700000)
 Metaspace       used 56965K, capacity 59026K, committed 59160K, reserved 1099776K
  class space    used 7817K, capacity 8271K, committed 8368K, reserved 1048576K
Event: 12.114 GC heap after
Heap after GC invocations=12 (full 3):
 PSYoungGen      total 224256K, used 0K [0x00000000d5580000, 0x00000000e7400000, 0x0000000100000000)
  eden space 210432K, 0% used [0x00000000d5580000,0x00000000d5580000,0x00000000e2300000)
  from space 13824K, 0% used [0x00000000e2300000,0x00000000e2300000,0x00000000e3080000)
  to   space 20992K, 0% used [0x00000000e5f80000,0x00000000e5f80000,0x00000000e7400000)
 ParOldGen       total 121856K, used 39435K [0x0000000080000000, 0x0000000087700000, 0x00000000d5580000)
  object space 121856K, 32% used [0x0000000080000000,0x0000000082682d70,0x0000000087700000)
 Metaspace       used 56956K, capacity 58996K, committed 59160K, reserved 1099776K
  class space    used 7814K, capacity 8266K, committed 8368K, reserved 1048576K
}

